[debug] [2020-09-08T13:24:55.246Z] ----------------------------------------------------------------------
[debug] [2020-09-08T13:24:55.248Z] Command:       C:\Program Files\nodejs\node.exe C:\Users\akash\AppData\Roaming\npm\node_modules\firebase-tools\lib\bin\firebase.js init
[debug] [2020-09-08T13:24:55.248Z] CLI Version:   8.10.0
[debug] [2020-09-08T13:24:55.248Z] Platform:      win32
[debug] [2020-09-08T13:24:55.248Z] Node Version:  v12.18.3
[debug] [2020-09-08T13:24:55.249Z] Time:          Tue Sep 08 2020 18:54:55 GMT+0530 (India Standard Time)
[debug] [2020-09-08T13:24:55.249Z] ----------------------------------------------------------------------
[debug] [2020-09-08T13:24:55.249Z] 
[debug] [2020-09-08T13:24:55.254Z] > command requires scopes: ["email","openid","https://www.googleapis.com/auth/cloudplatformprojects.readonly","https://www.googleapis.com/auth/firebase","https://www.googleapis.com/auth/cloud-platform"]
[debug] [2020-09-08T13:24:55.255Z] > authorizing via signed-in user
[info] 
     ######## #### ########  ######## ########     ###     ######  ########
     ##        ##  ##     ## ##       ##     ##  ##   ##  ##       ##
     ######    ##  ########  ######   ########  #########  ######  ######
     ##        ##  ##    ##  ##       ##     ## ##     ##       ## ##
     ##       #### ##     ## ######## ########  ##     ##  ######  ########

You're about to initialize a Firebase project in this directory:

  C:\work\quiz-app\quiz-client

Before we get started, keep in mind:

  * You are currently outside your home directory
  * You are initializing in an existing Firebase project directory

[info] 
=== Project Setup
[info] 
[info] First, let's associate this project directory with a Firebase project.
[info] You can create multiple project aliases by running firebase use --add, 
[info] but for now we'll just set up a default project.
[info] 
[info] i  .firebaserc already has a default project, using quizapp3434. 
[debug] [2020-09-08T13:24:58.158Z] >>> HTTP REQUEST GET https://firebase.googleapis.com/v1beta1/projects/quizapp3434  
 
[debug] [2020-09-08T13:24:58.746Z] <<< HTTP RESPONSE 200 {"content-type":"application/json; charset=UTF-8","vary":"X-Origin, Referer, Origin,Accept-Encoding","date":"Tue, 08 Sep 2020 13:24:58 GMT","server":"ESF","cache-control":"private","x-xss-protection":"0","x-frame-options":"SAMEORIGIN","x-content-type-options":"nosniff","alt-svc":"h3-29=\":443\"; ma=2592000,h3-27=\":443\"; ma=2592000,h3-T051=\":443\"; ma=2592000,h3-T050=\":443\"; ma=2592000,h3-Q050=\":443\"; ma=2592000,h3-Q046=\":443\"; ma=2592000,h3-Q043=\":443\"; ma=2592000,quic=\":443\"; ma=2592000; v=\"46,43\"","accept-ranges":"none","transfer-encoding":"chunked"}
[info] 
=== Hosting Setup
[info] 
[info] Your public directory is the folder (relative to your project directory) that
[info] will contain Hosting assets to be uploaded with firebase deploy. If you
[info] have a build process for your assets, use your build's output directory.
[info] 
[debug] [2020-09-08T13:25:04.647Z] >>> HTTP REQUEST GET https://www.gstatic.com/firebasejs/releases.json  
 
[debug] [2020-09-08T13:25:04.935Z] <<< HTTP RESPONSE 200 {"accept-ranges":"bytes","vary":"Accept-Encoding, Origin","content-type":"application/json","content-length":"1429","date":"Tue, 08 Sep 2020 13:11:49 GMT","expires":"Tue, 08 Sep 2020 14:01:49 GMT","last-modified":"Thu, 27 Aug 2020 23:52:22 GMT","x-content-type-options":"nosniff","server":"sffe","x-xss-protection":"0","cache-control":"public, max-age=3000","age":"795","alt-svc":"h3-29=\":443\"; ma=2592000,h3-27=\":443\"; ma=2592000,h3-T051=\":443\"; ma=2592000,h3-T050=\":443\"; ma=2592000,h3-Q050=\":443\"; ma=2592000,h3-Q046=\":443\"; ma=2592000,h3-Q043=\":443\"; ma=2592000,quic=\":443\"; ma=2592000; v=\"46,43\""}
[debug] [2020-09-08T13:25:05.316Z] Error: EISDIR: illegal operation on a directory, open 'C:\work\quiz-app\quiz-client\dist\index.html'
    at Object.openSync (fs.js:462:3)
    at Object.writeFileSync (fs.js:1362:35)
    at Config.writeProjectFile (C:\Users\akash\AppData\Roaming\npm\node_modules\firebase-tools\lib\config.js:155:8)
    at C:\Users\akash\AppData\Roaming\npm\node_modules\firebase-tools\lib\config.js:173:18
    at processTicksAndRejections (internal/process/task_queues.js:97:5)
[error] 
[error] Error: An unexpected error has occurred.
[debug] [2020-09-08T13:25:12.947Z] ----------------------------------------------------------------------
[debug] [2020-09-08T13:25:12.949Z] Command:       C:\Program Files\nodejs\node.exe C:\Users\akash\AppData\Roaming\npm\node_modules\firebase-tools\lib\bin\firebase.js init
[debug] [2020-09-08T13:25:12.949Z] CLI Version:   8.10.0
[debug] [2020-09-08T13:25:12.949Z] Platform:      win32
[debug] [2020-09-08T13:25:12.949Z] Node Version:  v12.18.3
[debug] [2020-09-08T13:25:12.950Z] Time:          Tue Sep 08 2020 18:55:12 GMT+0530 (India Standard Time)
[debug] [2020-09-08T13:25:12.950Z] ----------------------------------------------------------------------
[debug] [2020-09-08T13:25:12.950Z] 
[debug] [2020-09-08T13:25:12.955Z] > command requires scopes: ["email","openid","https://www.googleapis.com/auth/cloudplatformprojects.readonly","https://www.googleapis.com/auth/firebase","https://www.googleapis.com/auth/cloud-platform"]
[debug] [2020-09-08T13:25:12.955Z] > authorizing via signed-in user
[info] 
     ######## #### ########  ######## ########     ###     ######  ########
     ##        ##  ##     ## ##       ##     ##  ##   ##  ##       ##
     ######    ##  ########  ######   ########  #########  ######  ######
     ##        ##  ##    ##  ##       ##     ## ##     ##       ## ##
     ##       #### ##     ## ######## ########  ##     ##  ######  ########

You're about to initialize a Firebase project in this directory:

  C:\work\quiz-app\quiz-client

Before we get started, keep in mind:

  * You are currently outside your home directory
  * You are initializing in an existing Firebase project directory

[info] 
=== Project Setup
[info] 
[info] First, let's associate this project directory with a Firebase project.
[info] You can create multiple project aliases by running firebase use --add, 
[info] but for now we'll just set up a default project.
[info] 
[info] i  .firebaserc already has a default project, using quizapp3434. 
[debug] [2020-09-08T13:25:17.122Z] >>> HTTP REQUEST GET https://firebase.googleapis.com/v1beta1/projects/quizapp3434  
 
[debug] [2020-09-08T13:25:17.633Z] <<< HTTP RESPONSE 200 {"content-type":"application/json; charset=UTF-8","vary":"X-Origin, Referer, Origin,Accept-Encoding","date":"Tue, 08 Sep 2020 13:25:17 GMT","server":"ESF","cache-control":"private","x-xss-protection":"0","x-frame-options":"SAMEORIGIN","x-content-type-options":"nosniff","alt-svc":"h3-29=\":443\"; ma=2592000,h3-27=\":443\"; ma=2592000,h3-T051=\":443\"; ma=2592000,h3-T050=\":443\"; ma=2592000,h3-Q050=\":443\"; ma=2592000,h3-Q046=\":443\"; ma=2592000,h3-Q043=\":443\"; ma=2592000,quic=\":443\"; ma=2592000; v=\"46,43\"","accept-ranges":"none","transfer-encoding":"chunked"}
[info] 
=== Hosting Setup
[info] 
[info] Your public directory is the folder (relative to your project directory) that
[info] will contain Hosting assets to be uploaded with firebase deploy. If you
[info] have a build process for your assets, use your build's output directory.
[info] 
[debug] [2020-09-08T13:25:21.236Z] >>> HTTP REQUEST GET https://www.gstatic.com/firebasejs/releases.json  
 
[debug] [2020-09-08T13:25:21.484Z] <<< HTTP RESPONSE 200 {"accept-ranges":"bytes","vary":"Accept-Encoding, Origin","content-type":"application/json","content-length":"1429","date":"Tue, 08 Sep 2020 13:11:49 GMT","expires":"Tue, 08 Sep 2020 14:01:49 GMT","last-modified":"Thu, 27 Aug 2020 23:52:22 GMT","x-content-type-options":"nosniff","server":"sffe","x-xss-protection":"0","cache-control":"public, max-age=3000","age":"812","alt-svc":"h3-29=\":443\"; ma=2592000,h3-27=\":443\"; ma=2592000,h3-T051=\":443\"; ma=2592000,h3-T050=\":443\"; ma=2592000,h3-Q050=\":443\"; ma=2592000,h3-Q046=\":443\"; ma=2592000,h3-Q043=\":443\"; ma=2592000,quic=\":443\"; ma=2592000; v=\"46,43\""}
[debug] [2020-09-08T13:25:22.219Z] Error: EISDIR: illegal operation on a directory, open 'C:\work\quiz-app\quiz-client\dist\index.html'
    at Object.openSync (fs.js:462:3)
    at Object.writeFileSync (fs.js:1362:35)
    at Config.writeProjectFile (C:\Users\akash\AppData\Roaming\npm\node_modules\firebase-tools\lib\config.js:155:8)
    at C:\Users\akash\AppData\Roaming\npm\node_modules\firebase-tools\lib\config.js:173:18
    at processTicksAndRejections (internal/process/task_queues.js:97:5)
[error] 
[error] Error: An unexpected error has occurred.
[debug] [2020-09-08T13:25:57.901Z] ----------------------------------------------------------------------
[debug] [2020-09-08T13:25:57.902Z] Command:       C:\Program Files\nodejs\node.exe C:\Users\akash\AppData\Roaming\npm\node_modules\firebase-tools\lib\bin\firebase.js deploy --debug
[debug] [2020-09-08T13:25:57.903Z] CLI Version:   8.10.0
[debug] [2020-09-08T13:25:57.903Z] Platform:      win32
[debug] [2020-09-08T13:25:57.903Z] Node Version:  v12.18.3
[debug] [2020-09-08T13:25:57.904Z] Time:          Tue Sep 08 2020 18:55:57 GMT+0530 (India Standard Time)
[debug] [2020-09-08T13:25:57.904Z] ----------------------------------------------------------------------
[debug] [2020-09-08T13:25:57.904Z] 
[debug] [2020-09-08T13:25:57.910Z] > command requires scopes: ["email","openid","https://www.googleapis.com/auth/cloudplatformprojects.readonly","https://www.googleapis.com/auth/firebase","https://www.googleapis.com/auth/cloud-platform"]
[debug] [2020-09-08T13:25:57.911Z] > authorizing via signed-in user
[debug] [2020-09-08T13:25:57.912Z] [iam] checking project quizapp3434 for permissions ["firebase.projects.get","firebasehosting.sites.update"]
[debug] [2020-09-08T13:25:57.915Z] >>> HTTP REQUEST POST https://cloudresourcemanager.googleapis.com/v1/projects/quizapp3434:testIamPermissions  
 {"permissions":["firebase.projects.get","firebasehosting.sites.update"]}
[debug] [2020-09-08T13:25:59.553Z] <<< HTTP RESPONSE 200 {"content-type":"application/json; charset=UTF-8","vary":"X-Origin, Referer, Origin,Accept-Encoding","date":"Tue, 08 Sep 2020 13:25:59 GMT","server":"ESF","cache-control":"private","x-xss-protection":"0","x-frame-options":"SAMEORIGIN","x-content-type-options":"nosniff","server-timing":"gfet4t7; dur=1363","alt-svc":"h3-29=\":443\"; ma=2592000,h3-27=\":443\"; ma=2592000,h3-T051=\":443\"; ma=2592000,h3-T050=\":443\"; ma=2592000,h3-Q050=\":443\"; ma=2592000,h3-Q046=\":443\"; ma=2592000,h3-Q043=\":443\"; ma=2592000,quic=\":443\"; ma=2592000; v=\"46,43\"","accept-ranges":"none","transfer-encoding":"chunked"}
[debug] [2020-09-08T13:25:59.556Z] >>> HTTP REQUEST GET https://firebase.googleapis.com/v1beta1/projects/quizapp3434  
 
[debug] [2020-09-08T13:26:00.115Z] <<< HTTP RESPONSE 200 {"content-type":"application/json; charset=UTF-8","vary":"X-Origin, Referer, Origin,Accept-Encoding","date":"Tue, 08 Sep 2020 13:26:00 GMT","server":"ESF","cache-control":"private","x-xss-protection":"0","x-frame-options":"SAMEORIGIN","x-content-type-options":"nosniff","alt-svc":"h3-29=\":443\"; ma=2592000,h3-27=\":443\"; ma=2592000,h3-T051=\":443\"; ma=2592000,h3-T050=\":443\"; ma=2592000,h3-Q050=\":443\"; ma=2592000,h3-Q046=\":443\"; ma=2592000,h3-Q043=\":443\"; ma=2592000,quic=\":443\"; ma=2592000; v=\"46,43\"","accept-ranges":"none","transfer-encoding":"chunked"}
[info] 
[info] === Deploying to 'quizapp3434'...
[info] 
[info] i  deploying hosting 
[debug] [2020-09-08T13:26:00.129Z] >>> HTTP REQUEST POST https://firebasehosting.googleapis.com/v1beta1/sites/quizapp3434/versions  
 {"config":{"rewrites":[{"glob":"**","path":"/index.html"}]},"labels":{"deployment-tool":"cli-firebase"}}
[debug] [2020-09-08T13:26:02.322Z] <<< HTTP RESPONSE 200 {"content-type":"application/json; charset=UTF-8","vary":"X-Origin, Referer, Origin,Accept-Encoding","date":"Tue, 08 Sep 2020 13:26:02 GMT","server":"ESF","cache-control":"private","x-xss-protection":"0","x-frame-options":"SAMEORIGIN","x-content-type-options":"nosniff","alt-svc":"h3-29=\":443\"; ma=2592000,h3-27=\":443\"; ma=2592000,h3-T051=\":443\"; ma=2592000,h3-T050=\":443\"; ma=2592000,h3-Q050=\":443\"; ma=2592000,h3-Q046=\":443\"; ma=2592000,h3-Q043=\":443\"; ma=2592000,quic=\":443\"; ma=2592000; v=\"46,43\"","accept-ranges":"none","transfer-encoding":"chunked"}
[info] i  hosting[quizapp3434]: beginning deploy... 
[info] i  hosting[quizapp3434]: found 1 files in dist/index.html 
[debug] [2020-09-08T13:26:02.338Z] [hosting] hash cache [ZGlzdFxpbmRleC5odG1s] stored for 1 files
[debug] [2020-09-08T13:26:02.338Z] [hosting][hash queue][FINAL] {"max":0,"min":0,"avg":0,"active":0,"complete":1,"success":1,"errored":0,"retried":0,"total":1,"elapsed":2}
[debug] [2020-09-08T13:26:02.339Z] >>> HTTP REQUEST POST https://firebasehosting.googleapis.com/v1beta1/sites/quizapp3434/versions/6e3e88f74a6faa30:populateFiles  
 <request body omitted>
[debug] [2020-09-08T13:26:04.258Z] <<< HTTP RESPONSE 200 {"content-type":"application/json; charset=UTF-8","vary":"X-Origin, Referer, Origin,Accept-Encoding","date":"Tue, 08 Sep 2020 13:26:04 GMT","server":"ESF","cache-control":"private","x-xss-protection":"0","x-frame-options":"SAMEORIGIN","x-content-type-options":"nosniff","alt-svc":"h3-29=\":443\"; ma=2592000,h3-27=\":443\"; ma=2592000,h3-T051=\":443\"; ma=2592000,h3-T050=\":443\"; ma=2592000,h3-Q050=\":443\"; ma=2592000,h3-Q046=\":443\"; ma=2592000,h3-Q043=\":443\"; ma=2592000,quic=\":443\"; ma=2592000; v=\"46,43\"","accept-ranges":"none","transfer-encoding":"chunked"}
[debug] [2020-09-08T13:26:04.259Z] [hosting][populate queue][FINAL] {"max":1922,"min":1922,"avg":1922,"active":0,"complete":1,"success":1,"errored":0,"retried":0,"total":1,"elapsed":1922}
[debug] [2020-09-08T13:26:04.262Z] [hosting] uploads queued: 0
[debug] [2020-09-08T13:26:04.263Z] [hosting][upload queue][FINAL] {"max":0,"min":9999999999,"avg":0,"active":0,"complete":0,"success":0,"errored":0,"retried":0,"total":0,"elapsed":1599571564263}
[info] +  hosting[quizapp3434]: file upload complete 
[debug] [2020-09-08T13:26:04.264Z] [hosting] deploy completed after 1937ms
[debug] [2020-09-08T13:26:04.584Z] [
  {
    "config": {
      "public": "dist/index.html",
      "ignore": [
        "firebase.json",
        "**/.*",
        "**/node_modules/**"
      ],
      "rewrites": [
        {
          "source": "**",
          "destination": "/index.html"
        }
      ],
      "site": "quizapp3434"
    },
    "site": "quizapp3434",
    "version": "sites/quizapp3434/versions/6e3e88f74a6faa30"
  }
]
[info] i  hosting[quizapp3434]: finalizing version... 
[debug] [2020-09-08T13:26:04.587Z] >>> HTTP REQUEST PATCH https://firebasehosting.googleapis.com/v1beta1/sites/quizapp3434/versions/6e3e88f74a6faa30?updateMask=status  
 {"status":"FINALIZED"}
[debug] [2020-09-08T13:26:06.531Z] <<< HTTP RESPONSE 200 {"content-type":"application/json; charset=UTF-8","vary":"X-Origin, Referer, Origin,Accept-Encoding","date":"Tue, 08 Sep 2020 13:26:06 GMT","server":"ESF","cache-control":"private","x-xss-protection":"0","x-frame-options":"SAMEORIGIN","x-content-type-options":"nosniff","alt-svc":"h3-29=\":443\"; ma=2592000,h3-27=\":443\"; ma=2592000,h3-T051=\":443\"; ma=2592000,h3-T050=\":443\"; ma=2592000,h3-Q050=\":443\"; ma=2592000,h3-Q046=\":443\"; ma=2592000,h3-Q043=\":443\"; ma=2592000,quic=\":443\"; ma=2592000; v=\"46,43\"","accept-ranges":"none","transfer-encoding":"chunked"}
[debug] [2020-09-08T13:26:06.534Z] [hosting] finalized version for quizapp3434: {"name":"sites/quizapp3434/versions/6e3e88f74a6faa30","status":"FINALIZED","config":{"rewrites":[{"glob":"**","path":"/index.html"}]},"labels":{"deployment-tool":"cli-firebase"},"createTime":"2020-09-08T13:26:01.798856Z","createUser":{"email":"bawa2027@gmail.com"},"finalizeTime":"2020-09-08T13:26:06.314762Z","finalizeUser":{"email":"bawa2027@gmail.com"}}
[info] +  hosting[quizapp3434]: version finalized 
[info] i  hosting[quizapp3434]: releasing new version... 
[debug] [2020-09-08T13:26:06.542Z] >>> HTTP REQUEST POST https://firebasehosting.googleapis.com/v1beta1/sites/quizapp3434/releases?version_name=sites/quizapp3434/versions/6e3e88f74a6faa30  
 {"message":null}
[debug] [2020-09-08T13:26:08.489Z] <<< HTTP RESPONSE 200 {"content-type":"application/json; charset=UTF-8","vary":"X-Origin, Referer, Origin,Accept-Encoding","date":"Tue, 08 Sep 2020 13:26:08 GMT","server":"ESF","cache-control":"private","x-xss-protection":"0","x-frame-options":"SAMEORIGIN","x-content-type-options":"nosniff","alt-svc":"h3-29=\":443\"; ma=2592000,h3-27=\":443\"; ma=2592000,h3-T051=\":443\"; ma=2592000,h3-T050=\":443\"; ma=2592000,h3-Q050=\":443\"; ma=2592000,h3-Q046=\":443\"; ma=2592000,h3-Q043=\":443\"; ma=2592000,quic=\":443\"; ma=2592000; v=\"46,43\"","accept-ranges":"none","transfer-encoding":"chunked"}
[debug] [2020-09-08T13:26:08.491Z] [hosting] release: {"name":"sites/quizapp3434/releases/1599571567701378","version":{"name":"sites/quizapp3434/versions/6e3e88f74a6faa30","status":"FINALIZED","config":{"rewrites":[{"glob":"**","path":"/index.html"}]},"labels":{"deployment-tool":"cli-firebase"},"createTime":"2020-09-08T13:26:01.798856Z","createUser":{"email":"bawa2027@gmail.com"},"finalizeTime":"2020-09-08T13:26:06.314762Z","finalizeUser":{"email":"bawa2027@gmail.com"},"preview":{}},"type":"DEPLOY","releaseTime":"2020-09-08T13:26:07.701378132Z","releaseUser":{"email":"bawa2027@gmail.com"}}
[info] +  hosting[quizapp3434]: release complete 
[info] 
[info] +  Deploy complete! 
[info] 
[info] Project Console: https://console.firebase.google.com/project/quizapp3434/overview
[info] Hosting URL: https://quizapp3434.web.app
[debug] [2020-09-08T13:26:19.623Z] ----------------------------------------------------------------------
[debug] [2020-09-08T13:26:19.624Z] Command:       C:\Program Files\nodejs\node.exe C:\Users\akash\AppData\Roaming\npm\node_modules\firebase-tools\lib\bin\firebase.js init
[debug] [2020-09-08T13:26:19.625Z] CLI Version:   8.10.0
[debug] [2020-09-08T13:26:19.625Z] Platform:      win32
[debug] [2020-09-08T13:26:19.625Z] Node Version:  v12.18.3
[debug] [2020-09-08T13:26:19.626Z] Time:          Tue Sep 08 2020 18:56:19 GMT+0530 (India Standard Time)
[debug] [2020-09-08T13:26:19.626Z] ----------------------------------------------------------------------
[debug] [2020-09-08T13:26:19.626Z] 
[debug] [2020-09-08T13:26:19.630Z] > command requires scopes: ["email","openid","https://www.googleapis.com/auth/cloudplatformprojects.readonly","https://www.googleapis.com/auth/firebase","https://www.googleapis.com/auth/cloud-platform"]
[debug] [2020-09-08T13:26:19.631Z] > authorizing via signed-in user
[info] 
     ######## #### ########  ######## ########     ###     ######  ########
     ##        ##  ##     ## ##       ##     ##  ##   ##  ##       ##
     ######    ##  ########  ######   ########  #########  ######  ######
     ##        ##  ##    ##  ##       ##     ## ##     ##       ## ##
     ##       #### ##     ## ######## ########  ##     ##  ######  ########

You're about to initialize a Firebase project in this directory:

  C:\work\quiz-app\quiz-client

Before we get started, keep in mind:

  * You are currently outside your home directory
  * You are initializing in an existing Firebase project directory

[info] 
=== Project Setup
[info] 
[info] First, let's associate this project directory with a Firebase project.
[info] You can create multiple project aliases by running firebase use --add, 
[info] but for now we'll just set up a default project.
[info] 
[info] i  .firebaserc already has a default project, using quizapp3434. 
[debug] [2020-09-08T13:26:25.405Z] >>> HTTP REQUEST GET https://firebase.googleapis.com/v1beta1/projects/quizapp3434  
 
[debug] [2020-09-08T13:26:26.179Z] <<< HTTP RESPONSE 200 {"content-type":"application/json; charset=UTF-8","vary":"X-Origin, Referer, Origin,Accept-Encoding","date":"Tue, 08 Sep 2020 13:26:26 GMT","server":"ESF","cache-control":"private","x-xss-protection":"0","x-frame-options":"SAMEORIGIN","x-content-type-options":"nosniff","alt-svc":"h3-29=\":443\"; ma=2592000,h3-27=\":443\"; ma=2592000,h3-T051=\":443\"; ma=2592000,h3-T050=\":443\"; ma=2592000,h3-Q050=\":443\"; ma=2592000,h3-Q046=\":443\"; ma=2592000,h3-Q043=\":443\"; ma=2592000,quic=\":443\"; ma=2592000; v=\"46,43\"","accept-ranges":"none","transfer-encoding":"chunked"}
[info] 
=== Hosting Setup
[info] 
[info] Your public directory is the folder (relative to your project directory) that
[info] will contain Hosting assets to be uploaded with firebase deploy. If you
[info] have a build process for your assets, use your build's output directory.
[info] 
[debug] [2020-09-08T13:26:39.512Z] >>> HTTP REQUEST GET https://www.gstatic.com/firebasejs/releases.json  
 
[debug] [2020-09-08T13:26:39.757Z] <<< HTTP RESPONSE 200 {"accept-ranges":"bytes","vary":"Accept-Encoding, Origin","content-type":"application/json","content-length":"1429","date":"Tue, 08 Sep 2020 13:11:49 GMT","expires":"Tue, 08 Sep 2020 14:01:49 GMT","last-modified":"Thu, 27 Aug 2020 23:52:22 GMT","x-content-type-options":"nosniff","server":"sffe","x-xss-protection":"0","cache-control":"public, max-age=3000","age":"890","alt-svc":"h3-29=\":443\"; ma=2592000,h3-27=\":443\"; ma=2592000,h3-T051=\":443\"; ma=2592000,h3-T050=\":443\"; ma=2592000,h3-Q050=\":443\"; ma=2592000,h3-Q046=\":443\"; ma=2592000,h3-Q043=\":443\"; ma=2592000,quic=\":443\"; ma=2592000; v=\"46,43\""}
[debug] [2020-09-08T13:26:40.092Z] Error: EISDIR: illegal operation on a directory, open 'C:\work\quiz-app\quiz-client\dist\index.html'
    at Object.openSync (fs.js:462:3)
    at Object.writeFileSync (fs.js:1362:35)
    at Config.writeProjectFile (C:\Users\akash\AppData\Roaming\npm\node_modules\firebase-tools\lib\config.js:155:8)
    at C:\Users\akash\AppData\Roaming\npm\node_modules\firebase-tools\lib\config.js:173:18
    at processTicksAndRejections (internal/process/task_queues.js:97:5)
[error] 
[error] Error: An unexpected error has occurred.
[debug] [2020-09-08T13:27:45.329Z] ----------------------------------------------------------------------
[debug] [2020-09-08T13:27:45.330Z] Command:       C:\Program Files\nodejs\node.exe C:\Users\akash\AppData\Roaming\npm\node_modules\firebase-tools\lib\bin\firebase.js init
[debug] [2020-09-08T13:27:45.331Z] CLI Version:   8.10.0
[debug] [2020-09-08T13:27:45.331Z] Platform:      win32
[debug] [2020-09-08T13:27:45.331Z] Node Version:  v12.18.3
[debug] [2020-09-08T13:27:45.332Z] Time:          Tue Sep 08 2020 18:57:45 GMT+0530 (India Standard Time)
[debug] [2020-09-08T13:27:45.332Z] ----------------------------------------------------------------------
[debug] [2020-09-08T13:27:45.332Z] 
[debug] [2020-09-08T13:27:45.337Z] > command requires scopes: ["email","openid","https://www.googleapis.com/auth/cloudplatformprojects.readonly","https://www.googleapis.com/auth/firebase","https://www.googleapis.com/auth/cloud-platform"]
[debug] [2020-09-08T13:27:45.337Z] > authorizing via signed-in user
[info] 
     ######## #### ########  ######## ########     ###     ######  ########
     ##        ##  ##     ## ##       ##     ##  ##   ##  ##       ##
     ######    ##  ########  ######   ########  #########  ######  ######
     ##        ##  ##    ##  ##       ##     ## ##     ##       ## ##
     ##       #### ##     ## ######## ########  ##     ##  ######  ########

You're about to initialize a Firebase project in this directory:

  C:\work\quiz-app\quiz-client

Before we get started, keep in mind:

  * You are currently outside your home directory
  * You are initializing in an existing Firebase project directory

[info] 
=== Project Setup
[info] 
[info] First, let's associate this project directory with a Firebase project.
[info] You can create multiple project aliases by running firebase use --add, 
[info] but for now we'll just set up a default project.
[info] 
[info] i  .firebaserc already has a default project, using quizapp3434. 
[debug] [2020-09-08T13:27:49.434Z] >>> HTTP REQUEST GET https://firebase.googleapis.com/v1beta1/projects/quizapp3434  
 
[debug] [2020-09-08T13:27:49.992Z] <<< HTTP RESPONSE 200 {"content-type":"application/json; charset=UTF-8","vary":"X-Origin, Referer, Origin,Accept-Encoding","date":"Tue, 08 Sep 2020 13:27:49 GMT","server":"ESF","cache-control":"private","x-xss-protection":"0","x-frame-options":"SAMEORIGIN","x-content-type-options":"nosniff","alt-svc":"h3-29=\":443\"; ma=2592000,h3-27=\":443\"; ma=2592000,h3-T051=\":443\"; ma=2592000,h3-T050=\":443\"; ma=2592000,h3-Q050=\":443\"; ma=2592000,h3-Q046=\":443\"; ma=2592000,h3-Q043=\":443\"; ma=2592000,quic=\":443\"; ma=2592000; v=\"46,43\"","accept-ranges":"none","transfer-encoding":"chunked"}
[info] 
=== Hosting Setup
[info] 
[info] Your public directory is the folder (relative to your project directory) that
[info] will contain Hosting assets to be uploaded with firebase deploy. If you
[info] have a build process for your assets, use your build's output directory.
[info] 
[debug] [2020-09-08T13:27:55.769Z] >>> HTTP REQUEST GET https://www.gstatic.com/firebasejs/releases.json  
 
[debug] [2020-09-08T13:27:56.021Z] <<< HTTP RESPONSE 200 {"accept-ranges":"bytes","vary":"Accept-Encoding, Origin","content-type":"application/json","content-length":"1429","date":"Tue, 08 Sep 2020 13:11:49 GMT","expires":"Tue, 08 Sep 2020 14:01:49 GMT","last-modified":"Thu, 27 Aug 2020 23:52:22 GMT","x-content-type-options":"nosniff","server":"sffe","x-xss-protection":"0","cache-control":"public, max-age=3000","age":"966","alt-svc":"h3-29=\":443\"; ma=2592000,h3-27=\":443\"; ma=2592000,h3-T051=\":443\"; ma=2592000,h3-T050=\":443\"; ma=2592000,h3-Q050=\":443\"; ma=2592000,h3-Q046=\":443\"; ma=2592000,h3-Q043=\":443\"; ma=2592000,quic=\":443\"; ma=2592000; v=\"46,43\""}
[debug] [2020-09-08T13:27:56.416Z] Error: EISDIR: illegal operation on a directory, open 'C:\work\quiz-app\quiz-client\dist\index.html'
    at Object.openSync (fs.js:462:3)
    at Object.writeFileSync (fs.js:1362:35)
    at Config.writeProjectFile (C:\Users\akash\AppData\Roaming\npm\node_modules\firebase-tools\lib\config.js:155:8)
    at C:\Users\akash\AppData\Roaming\npm\node_modules\firebase-tools\lib\config.js:173:18
    at processTicksAndRejections (internal/process/task_queues.js:97:5)
[error] 
[error] Error: An unexpected error has occurred.
[debug] [2020-09-08T13:28:43.443Z] ----------------------------------------------------------------------
[debug] [2020-09-08T13:28:43.444Z] Command:       C:\Program Files\nodejs\node.exe C:\Users\akash\AppData\Roaming\npm\node_modules\firebase-tools\lib\bin\firebase.js init
[debug] [2020-09-08T13:28:43.445Z] CLI Version:   8.10.0
[debug] [2020-09-08T13:28:43.445Z] Platform:      win32
[debug] [2020-09-08T13:28:43.445Z] Node Version:  v12.18.3
[debug] [2020-09-08T13:28:43.446Z] Time:          Tue Sep 08 2020 18:58:43 GMT+0530 (India Standard Time)
[debug] [2020-09-08T13:28:43.446Z] ----------------------------------------------------------------------
[debug] [2020-09-08T13:28:43.446Z] 
[debug] [2020-09-08T13:28:43.450Z] > command requires scopes: ["email","openid","https://www.googleapis.com/auth/cloudplatformprojects.readonly","https://www.googleapis.com/auth/firebase","https://www.googleapis.com/auth/cloud-platform"]
[debug] [2020-09-08T13:28:43.451Z] > authorizing via signed-in user
[info] 
     ######## #### ########  ######## ########     ###     ######  ########
     ##        ##  ##     ## ##       ##     ##  ##   ##  ##       ##
     ######    ##  ########  ######   ########  #########  ######  ######
     ##        ##  ##    ##  ##       ##     ## ##     ##       ## ##
     ##       #### ##     ## ######## ########  ##     ##  ######  ########

You're about to initialize a Firebase project in this directory:

  C:\work\quiz-app\quiz-client

Before we get started, keep in mind:

  * You are currently outside your home directory
  * You are initializing in an existing Firebase project directory

[info] 
=== Project Setup
[info] 
[info] First, let's associate this project directory with a Firebase project.
[info] You can create multiple project aliases by running firebase use --add, 
[info] but for now we'll just set up a default project.
[info] 
[info] i  .firebaserc already has a default project, using quizapp3434. 
[debug] [2020-09-08T13:28:46.866Z] >>> HTTP REQUEST GET https://firebase.googleapis.com/v1beta1/projects/quizapp3434  
 
[debug] [2020-09-08T13:28:47.453Z] <<< HTTP RESPONSE 200 {"content-type":"application/json; charset=UTF-8","vary":"X-Origin, Referer, Origin,Accept-Encoding","date":"Tue, 08 Sep 2020 13:28:47 GMT","server":"ESF","cache-control":"private","x-xss-protection":"0","x-frame-options":"SAMEORIGIN","x-content-type-options":"nosniff","alt-svc":"h3-29=\":443\"; ma=2592000,h3-27=\":443\"; ma=2592000,h3-T051=\":443\"; ma=2592000,h3-T050=\":443\"; ma=2592000,h3-Q050=\":443\"; ma=2592000,h3-Q046=\":443\"; ma=2592000,h3-Q043=\":443\"; ma=2592000,quic=\":443\"; ma=2592000; v=\"46,43\"","accept-ranges":"none","transfer-encoding":"chunked"}
[info] 
=== Hosting Setup
[info] 
[info] Your public directory is the folder (relative to your project directory) that
[info] will contain Hosting assets to be uploaded with firebase deploy. If you
[info] have a build process for your assets, use your build's output directory.
[info] 
[info] +  Wrote dist/404.html 
[debug] [2020-09-08T13:29:04.602Z] >>> HTTP REQUEST GET https://www.gstatic.com/firebasejs/releases.json  
 
[debug] [2020-09-08T13:29:04.904Z] <<< HTTP RESPONSE 200 {"accept-ranges":"bytes","vary":"Accept-Encoding, Origin","content-type":"application/json","content-length":"1429","date":"Tue, 08 Sep 2020 13:11:49 GMT","expires":"Tue, 08 Sep 2020 14:01:49 GMT","last-modified":"Thu, 27 Aug 2020 23:52:22 GMT","x-content-type-options":"nosniff","server":"sffe","x-xss-protection":"0","cache-control":"public, max-age=3000","age":"1035","alt-svc":"h3-29=\":443\"; ma=2592000,h3-27=\":443\"; ma=2592000,h3-T051=\":443\"; ma=2592000,h3-T050=\":443\"; ma=2592000,h3-Q050=\":443\"; ma=2592000,h3-Q046=\":443\"; ma=2592000,h3-Q043=\":443\"; ma=2592000,quic=\":443\"; ma=2592000; v=\"46,43\""}
[debug] [2020-09-08T13:29:05.235Z] Error: EISDIR: illegal operation on a directory, open 'C:\work\quiz-app\quiz-client\dist\index.html'
    at Object.openSync (fs.js:462:3)
    at Object.writeFileSync (fs.js:1362:35)
    at Config.writeProjectFile (C:\Users\akash\AppData\Roaming\npm\node_modules\firebase-tools\lib\config.js:155:8)
    at C:\Users\akash\AppData\Roaming\npm\node_modules\firebase-tools\lib\config.js:173:18
    at processTicksAndRejections (internal/process/task_queues.js:97:5)
[error] 
[error] Error: An unexpected error has occurred.
[debug] [2020-09-08T13:31:46.865Z] ----------------------------------------------------------------------
[debug] [2020-09-08T13:31:46.866Z] Command:       C:\Program Files\nodejs\node.exe C:\Users\akash\AppData\Roaming\npm\node_modules\firebase-tools\lib\bin\firebase.js init
[debug] [2020-09-08T13:31:46.867Z] CLI Version:   8.10.0
[debug] [2020-09-08T13:31:46.867Z] Platform:      win32
[debug] [2020-09-08T13:31:46.867Z] Node Version:  v12.18.3
[debug] [2020-09-08T13:31:46.868Z] Time:          Tue Sep 08 2020 19:01:46 GMT+0530 (India Standard Time)
[debug] [2020-09-08T13:31:46.868Z] ----------------------------------------------------------------------
[debug] [2020-09-08T13:31:46.868Z] 
[debug] [2020-09-08T13:31:46.873Z] > command requires scopes: ["email","openid","https://www.googleapis.com/auth/cloudplatformprojects.readonly","https://www.googleapis.com/auth/firebase","https://www.googleapis.com/auth/cloud-platform"]
[debug] [2020-09-08T13:31:46.873Z] > authorizing via signed-in user
[info] 
     ######## #### ########  ######## ########     ###     ######  ########
     ##        ##  ##     ## ##       ##     ##  ##   ##  ##       ##
     ######    ##  ########  ######   ########  #########  ######  ######
     ##        ##  ##    ##  ##       ##     ## ##     ##       ## ##
     ##       #### ##     ## ######## ########  ##     ##  ######  ########

You're about to initialize a Firebase project in this directory:

  C:\work\quiz-app\quiz-client

Before we get started, keep in mind:

  * You are currently outside your home directory
  * You are initializing in an existing Firebase project directory

[info] 
=== Project Setup
[info] 
[info] First, let's associate this project directory with a Firebase project.
[info] You can create multiple project aliases by running firebase use --add, 
[info] but for now we'll just set up a default project.
[info] 
[info] i  .firebaserc already has a default project, using quizapp3434. 
[debug] [2020-09-08T13:31:51.361Z] >>> HTTP REQUEST GET https://firebase.googleapis.com/v1beta1/projects/quizapp3434  
 
[debug] [2020-09-08T13:31:52.125Z] <<< HTTP RESPONSE 200 {"content-type":"application/json; charset=UTF-8","vary":"X-Origin, Referer, Origin,Accept-Encoding","date":"Tue, 08 Sep 2020 13:31:52 GMT","server":"ESF","cache-control":"private","x-xss-protection":"0","x-frame-options":"SAMEORIGIN","x-content-type-options":"nosniff","alt-svc":"h3-29=\":443\"; ma=2592000,h3-27=\":443\"; ma=2592000,h3-T051=\":443\"; ma=2592000,h3-T050=\":443\"; ma=2592000,h3-Q050=\":443\"; ma=2592000,h3-Q046=\":443\"; ma=2592000,h3-Q043=\":443\"; ma=2592000,quic=\":443\"; ma=2592000; v=\"46,43\"","accept-ranges":"none","transfer-encoding":"chunked"}
[info] 
=== Hosting Setup
[info] 
[info] Your public directory is the folder (relative to your project directory) that
[info] will contain Hosting assets to be uploaded with firebase deploy. If you
[info] have a build process for your assets, use your build's output directory.
[info] 
[debug] [2020-09-08T13:31:56.392Z] >>> HTTP REQUEST GET https://www.gstatic.com/firebasejs/releases.json  
 
[debug] [2020-09-08T13:31:56.644Z] <<< HTTP RESPONSE 200 {"accept-ranges":"bytes","vary":"Accept-Encoding, Origin","content-type":"application/json","content-length":"1429","date":"Tue, 08 Sep 2020 13:11:49 GMT","expires":"Tue, 08 Sep 2020 14:01:49 GMT","last-modified":"Thu, 27 Aug 2020 23:52:22 GMT","x-content-type-options":"nosniff","server":"sffe","x-xss-protection":"0","cache-control":"public, max-age=3000","age":"1207","alt-svc":"h3-29=\":443\"; ma=2592000,h3-27=\":443\"; ma=2592000,h3-T051=\":443\"; ma=2592000,h3-T050=\":443\"; ma=2592000,h3-Q050=\":443\"; ma=2592000,h3-Q046=\":443\"; ma=2592000,h3-Q043=\":443\"; ma=2592000,quic=\":443\"; ma=2592000; v=\"46,43\""}
[debug] [2020-09-08T13:31:56.973Z] Error: EISDIR: illegal operation on a directory, open 'C:\work\quiz-app\quiz-client\dist\index.html'
    at Object.openSync (fs.js:462:3)
    at Object.writeFileSync (fs.js:1362:35)
    at Config.writeProjectFile (C:\Users\akash\AppData\Roaming\npm\node_modules\firebase-tools\lib\config.js:155:8)
    at C:\Users\akash\AppData\Roaming\npm\node_modules\firebase-tools\lib\config.js:173:18
    at processTicksAndRejections (internal/process/task_queues.js:97:5)
[error] 
[error] Error: An unexpected error has occurred.
